This file contains any messages produced by compilers while
running configure, to aid debugging if configure makes a mistake.

It was created by h5utils configure 1.12.1, which was
generated by GNU Autoconf 2.63.  Invocation command line was

  $ ./configure 

## --------- ##
## Platform. ##
## --------- ##

hostname = briaree2
uname -m = x86_64
uname -r = 2.6.32-279.el6.x86_64
uname -s = Linux
uname -v = #1 SMP Thu Jun 21 07:08:44 CDT 2012

/usr/bin/uname -p = unknown
/bin/uname -X     = unknown

/bin/arch              = x86_64
/usr/bin/arch -k       = unknown
/usr/convex/getsysinfo = unknown
/usr/bin/hostinfo      = unknown
/bin/machine           = unknown
/usr/bin/oslevel       = unknown
/bin/universe          = unknown

PATH: /home/apps/Logiciels/Python/nose-1.3.0/bin
PATH: /home/apps/Logiciels/Python/python-2.7.2/bin
PATH: /home/apps/Logiciels/atlas/3.10.0/bin
PATH: /home/apps/Logiciels/FFTW/fftw3.3-intel/bin
PATH: /home/apps/Logiciels/hdf5/1.8.9-intel/bin
PATH: /home/apps/Logiciels/GSL/1.16/bin
PATH: /home/apps/intel/composerxe-2011.4.191/bin/intel64
PATH: /home/apps/Logiciels/MPI/gnu/gcc4.6.3/openmpi/1.6.4/bin
PATH: /home/apps/Logiciels/gcc/4.8.1/bin
PATH: /RQexec/tvincent/BNS_Disks_project/Scripts
PATH: /RQexec/tvincent/SpEC_NOLEAK/Support/bin
PATH: /opt/torque/x86_64/bin
PATH: /usr/lib64/qt-3.3/bin
PATH: /usr/local/bin
PATH: /bin
PATH: /usr/bin
PATH: /usr/local/sbin
PATH: /usr/sbin
PATH: /sbin
PATH: /home/apps/bin
PATH: /usr/lpp/mmfs/bin
PATH: /opt/bin
PATH: /home/rqchppbs/maui/3.3.1/maui-3.3.1/sbin
PATH: /home/rqchppbs/maui/3.3.1/maui-3.3.1/bin


## ----------- ##
## Core tests. ##
## ----------- ##

configure:1903: checking for a BSD-compatible install
configure:1971: result: /usr/bin/install -c
configure:1982: checking whether build environment is sane
configure:2042: result: yes
configure:2183: checking for a thread-safe mkdir -p
configure:2222: result: /bin/mkdir -p
configure:2235: checking for gawk
configure:2251: found /bin/gawk
configure:2262: result: gawk
configure:2273: checking whether make sets $(MAKE)
configure:2295: result: yes
configure:2381: checking whether to enable maintainer-specific portions of Makefiles
configure:2390: result: no
configure:2453: checking for gcc
configure:2469: found /home/apps/Logiciels/gcc/4.8.1/bin/gcc
configure:2480: result: gcc
configure:2712: checking for C compiler version
configure:2720: gcc --version >&5
gcc (GCC) 4.8.1
Copyright (C) 2013 Free Software Foundation, Inc.
This is free software; see the source for copying conditions.  There is NO
warranty; not even for MERCHANTABILITY or FITNESS FOR A PARTICULAR PURPOSE.

configure:2724: $? = 0
configure:2731: gcc -v >&5
Using built-in specs.
COLLECT_GCC=gcc
COLLECT_LTO_WRAPPER=/home/apps/Logiciels/gcc/4.8.1/libexec/gcc/x86_64-unknown-linux-gnu/4.8.1/lto-wrapper
Target: x86_64-unknown-linux-gnu
Configured with: ./configure --prefix=/home/apps/Logiciels/gcc/4.8.1/ --with-gmp=/home/apps/Logiciels/gcc/4.8.1/dependances --with-mpfr=/home/apps/Logiciels/gcc/4.8.1/dependances --with-mpc=/home/apps/Logiciels/gcc/4.8.1/dependances
Thread model: posix
gcc version 4.8.1 (GCC) 
configure:2735: $? = 0
configure:2742: gcc -V >&5
gcc: error: unrecognized command line option '-V'
gcc: fatal error: no input files
compilation terminated.
configure:2746: $? = 1
configure:2769: checking for C compiler default output file name
configure:2791: gcc    conftest.c  >&5
configure:2795: $? = 0
configure:2833: result: a.out
configure:2852: checking whether the C compiler works
configure:2862: ./a.out
configure:2866: $? = 0
configure:2885: result: yes
configure:2892: checking whether we are cross compiling
configure:2894: result: no
configure:2897: checking for suffix of executables
configure:2904: gcc -o conftest    conftest.c  >&5
configure:2908: $? = 0
configure:2934: result: 
configure:2940: checking for suffix of object files
configure:2966: gcc -c   conftest.c >&5
configure:2970: $? = 0
configure:2995: result: o
configure:2999: checking whether we are using the GNU C compiler
configure:3028: gcc -c   conftest.c >&5
configure:3035: $? = 0
configure:3052: result: yes
configure:3061: checking whether gcc accepts -g
configure:3091: gcc -c -g  conftest.c >&5
configure:3098: $? = 0
configure:3199: result: yes
configure:3216: checking for gcc option to accept ISO C89
configure:3290: gcc  -c -g -O2  conftest.c >&5
configure:3297: $? = 0
configure:3320: result: none needed
configure:3349: checking for style of include used by make
configure:3377: result: GNU
configure:3402: checking dependency style of gcc
configure:3512: result: gcc3
configure:3528: checking whether gcc and cc understand -c and -o together
configure:3563: gcc -c conftest.c -o conftest2.o >&5
configure:3567: $? = 0
configure:3573: gcc -c conftest.c -o conftest2.o >&5
configure:3577: $? = 0
configure:3588: cc -c conftest.c >&5
configure:3592: $? = 0
configure:3600: cc -c conftest.c -o conftest2.o >&5
configure:3604: $? = 0
configure:3610: cc -c conftest.c -o conftest2.o >&5
configure:3614: $? = 0
configure:3632: result: yes
configure:3667: checking how to run the C preprocessor
configure:3707: gcc -E  conftest.c
configure:3714: $? = 0
configure:3745: gcc -E  conftest.c
conftest.c:10:28: fatal error: ac_nonexistent.h: No such file or directory
 #include <ac_nonexistent.h>
                            ^
compilation terminated.
configure:3752: $? = 1
configure: failed program was:
| /* confdefs.h.  */
| #define PACKAGE_NAME "h5utils"
| #define PACKAGE_TARNAME "h5utils"
| #define PACKAGE_VERSION "1.12.1"
| #define PACKAGE_STRING "h5utils 1.12.1"
| #define PACKAGE_BUGREPORT "stevenj@alum.mit.edu"
| #define PACKAGE "h5utils"
| #define VERSION "1.12.1"
| /* end confdefs.h.  */
| #include <ac_nonexistent.h>
configure:3785: result: gcc -E
configure:3814: gcc -E  conftest.c
configure:3821: $? = 0
configure:3852: gcc -E  conftest.c
conftest.c:10:28: fatal error: ac_nonexistent.h: No such file or directory
 #include <ac_nonexistent.h>
                            ^
compilation terminated.
configure:3859: $? = 1
configure: failed program was:
| /* confdefs.h.  */
| #define PACKAGE_NAME "h5utils"
| #define PACKAGE_TARNAME "h5utils"
| #define PACKAGE_VERSION "1.12.1"
| #define PACKAGE_STRING "h5utils 1.12.1"
| #define PACKAGE_BUGREPORT "stevenj@alum.mit.edu"
| #define PACKAGE "h5utils"
| #define VERSION "1.12.1"
| /* end confdefs.h.  */
| #include <ac_nonexistent.h>
configure:3899: checking for grep that handles long lines and -e
configure:3959: result: /bin/grep
configure:3964: checking for egrep
configure:4028: result: /bin/grep -E
configure:4033: checking for ANSI C header files
configure:4063: gcc -c -g -O2  conftest.c >&5
configure:4070: $? = 0
configure:4169: gcc -o conftest -g -O2   conftest.c  >&5
configure:4173: $? = 0
configure:4179: ./conftest
configure:4183: $? = 0
configure:4201: result: yes
configure:4213: checking for sin in -lm
configure:4248: gcc -o conftest -g -O2   conftest.c -lm   >&5
conftest.c:18:6: warning: conflicting types for built-in function 'sin' [enabled by default]
 char sin ();
      ^
configure:4255: $? = 0
configure:4276: result: yes
configure:4291: checking for snprintf
configure:4347: gcc -o conftest -g -O2   conftest.c -lm  >&5
conftest.c:35:6: warning: conflicting types for built-in function 'snprintf' [enabled by default]
 char snprintf ();
      ^
configure:4354: $? = 0
configure:4376: result: yes
configure:4409: checking for inflate in -lz
configure:4444: gcc -o conftest -g -O2   conftest.c -lz  -lm  >&5
configure:4451: $? = 0
configure:4472: result: yes
configure:4483: checking for png_create_write_struct in -lpng
configure:4518: gcc -o conftest -g -O2   conftest.c -lpng  -lz -lm  >&5
configure:4525: $? = 0
configure:4546: result: yes
configure:4577: checking for evaluator_get_variables in -lmatheval
configure:4612: gcc -o conftest -g -O2   conftest.c -lmatheval  -lz -lm  >&5
/usr/bin/ld: cannot find -lmatheval
collect2: error: ld returned 1 exit status
configure:4619: $? = 1
configure: failed program was:
| /* confdefs.h.  */
| #define PACKAGE_NAME "h5utils"
| #define PACKAGE_TARNAME "h5utils"
| #define PACKAGE_VERSION "1.12.1"
| #define PACKAGE_STRING "h5utils 1.12.1"
| #define PACKAGE_BUGREPORT "stevenj@alum.mit.edu"
| #define PACKAGE "h5utils"
| #define VERSION "1.12.1"
| #define STDC_HEADERS 1
| #define HAVE_LIBM 1
| #define HAVE_SNPRINTF 1
| /* end confdefs.h.  */
| 
| /* Override any GCC internal prototype to avoid an error.
|    Use char because int might match the return type of a GCC
|    builtin and then its argument prototype would still apply.  */
| #ifdef __cplusplus
| extern "C"
| #endif
| char evaluator_get_variables ();
| int
| main ()
| {
| return evaluator_get_variables ();
|   ;
|   return 0;
| }
configure:4640: result: no
configure:4653: WARNING: can't find libmatheval: won't be able to compile h5math
configure:4663: checking for h4toh5
configure:4693: result: no
configure:4700: checking for h5toh4
configure:4730: result: no
configure:4754: checking for jpeg_start_compress in -ljpeg
configure:4789: gcc -o conftest -g -O2   conftest.c -ljpeg  -lz -lm  >&5
configure:4796: $? = 0
configure:4817: result: yes
configure:4820: checking for DFSDgetdata in -ldf
configure:4855: gcc -o conftest -g -O2   conftest.c -ldf -ljpeg -lz -lm  >&5
/usr/bin/ld: cannot find -ldf
collect2: error: ld returned 1 exit status
configure:4862: $? = 1
configure: failed program was:
| /* confdefs.h.  */
| #define PACKAGE_NAME "h5utils"
| #define PACKAGE_TARNAME "h5utils"
| #define PACKAGE_VERSION "1.12.1"
| #define PACKAGE_STRING "h5utils 1.12.1"
| #define PACKAGE_BUGREPORT "stevenj@alum.mit.edu"
| #define PACKAGE "h5utils"
| #define VERSION "1.12.1"
| #define STDC_HEADERS 1
| #define HAVE_LIBM 1
| #define HAVE_SNPRINTF 1
| /* end confdefs.h.  */
| 
| /* Override any GCC internal prototype to avoid an error.
|    Use char because int might match the return type of a GCC
|    builtin and then its argument prototype would still apply.  */
| #ifdef __cplusplus
| extern "C"
| #endif
| char DFSDgetdata ();
| int
| main ()
| {
| return DFSDgetdata ();
|   ;
|   return 0;
| }
configure:4883: result: no
configure:4888: WARNING: can't find libdf (HDF4): won't be able to compile h5fromh4 or h4fromh5
configure:4923: checking for sys/types.h
configure:4944: gcc -c -g -O2  conftest.c >&5
configure:4951: $? = 0
configure:4968: result: yes
configure:4923: checking for sys/stat.h
configure:4944: gcc -c -g -O2  conftest.c >&5
configure:4951: $? = 0
configure:4968: result: yes
configure:4923: checking for stdlib.h
configure:4944: gcc -c -g -O2  conftest.c >&5
configure:4951: $? = 0
configure:4968: result: yes
configure:4923: checking for string.h
configure:4944: gcc -c -g -O2  conftest.c >&5
configure:4951: $? = 0
configure:4968: result: yes
configure:4923: checking for memory.h
configure:4944: gcc -c -g -O2  conftest.c >&5
configure:4951: $? = 0
configure:4968: result: yes
configure:4923: checking for strings.h
configure:4944: gcc -c -g -O2  conftest.c >&5
configure:4951: $? = 0
configure:4968: result: yes
configure:4923: checking for inttypes.h
configure:4944: gcc -c -g -O2  conftest.c >&5
configure:4951: $? = 0
configure:4968: result: yes
configure:4923: checking for stdint.h
configure:4944: gcc -c -g -O2  conftest.c >&5
configure:4951: $? = 0
configure:4968: result: yes
configure:4923: checking for unistd.h
configure:4944: gcc -c -g -O2  conftest.c >&5
configure:4951: $? = 0
configure:4968: result: yes
configure:4999: checking hdf.h usability
configure:5016: gcc -c -g -O2  conftest.c >&5
conftest.c:55:17: fatal error: hdf.h: No such file or directory
 #include <hdf.h>
                 ^
compilation terminated.
configure:5023: $? = 1
configure: failed program was:
| /* confdefs.h.  */
| #define PACKAGE_NAME "h5utils"
| #define PACKAGE_TARNAME "h5utils"
| #define PACKAGE_VERSION "1.12.1"
| #define PACKAGE_STRING "h5utils 1.12.1"
| #define PACKAGE_BUGREPORT "stevenj@alum.mit.edu"
| #define PACKAGE "h5utils"
| #define VERSION "1.12.1"
| #define STDC_HEADERS 1
| #define HAVE_LIBM 1
| #define HAVE_SNPRINTF 1
| #define HAVE_SYS_TYPES_H 1
| #define HAVE_SYS_STAT_H 1
| #define HAVE_STDLIB_H 1
| #define HAVE_STRING_H 1
| #define HAVE_MEMORY_H 1
| #define HAVE_STRINGS_H 1
| #define HAVE_INTTYPES_H 1
| #define HAVE_STDINT_H 1
| #define HAVE_UNISTD_H 1
| /* end confdefs.h.  */
| #include <stdio.h>
| #ifdef HAVE_SYS_TYPES_H
| # include <sys/types.h>
| #endif
| #ifdef HAVE_SYS_STAT_H
| # include <sys/stat.h>
| #endif
| #ifdef STDC_HEADERS
| # include <stdlib.h>
| # include <stddef.h>
| #else
| # ifdef HAVE_STDLIB_H
| #  include <stdlib.h>
| # endif
| #endif
| #ifdef HAVE_STRING_H
| # if !defined STDC_HEADERS && defined HAVE_MEMORY_H
| #  include <memory.h>
| # endif
| # include <string.h>
| #endif
| #ifdef HAVE_STRINGS_H
| # include <strings.h>
| #endif
| #ifdef HAVE_INTTYPES_H
| # include <inttypes.h>
| #endif
| #ifdef HAVE_STDINT_H
| # include <stdint.h>
| #endif
| #ifdef HAVE_UNISTD_H
| # include <unistd.h>
| #endif
| #include <hdf.h>
configure:5037: result: no
configure:5041: checking hdf.h presence
configure:5056: gcc -E  conftest.c
conftest.c:22:17: fatal error: hdf.h: No such file or directory
 #include <hdf.h>
                 ^
compilation terminated.
configure:5063: $? = 1
configure: failed program was:
| /* confdefs.h.  */
| #define PACKAGE_NAME "h5utils"
| #define PACKAGE_TARNAME "h5utils"
| #define PACKAGE_VERSION "1.12.1"
| #define PACKAGE_STRING "h5utils 1.12.1"
| #define PACKAGE_BUGREPORT "stevenj@alum.mit.edu"
| #define PACKAGE "h5utils"
| #define VERSION "1.12.1"
| #define STDC_HEADERS 1
| #define HAVE_LIBM 1
| #define HAVE_SNPRINTF 1
| #define HAVE_SYS_TYPES_H 1
| #define HAVE_SYS_STAT_H 1
| #define HAVE_STDLIB_H 1
| #define HAVE_STRING_H 1
| #define HAVE_MEMORY_H 1
| #define HAVE_STRINGS_H 1
| #define HAVE_INTTYPES_H 1
| #define HAVE_STDINT_H 1
| #define HAVE_UNISTD_H 1
| /* end confdefs.h.  */
| #include <hdf.h>
configure:5077: result: no
configure:5110: checking for hdf.h
configure:5119: result: no
configure:4999: checking hdf/hdf.h usability
configure:5016: gcc -c -g -O2  conftest.c >&5
conftest.c:55:21: fatal error: hdf/hdf.h: No such file or directory
 #include <hdf/hdf.h>
                     ^
compilation terminated.
configure:5023: $? = 1
configure: failed program was:
| /* confdefs.h.  */
| #define PACKAGE_NAME "h5utils"
| #define PACKAGE_TARNAME "h5utils"
| #define PACKAGE_VERSION "1.12.1"
| #define PACKAGE_STRING "h5utils 1.12.1"
| #define PACKAGE_BUGREPORT "stevenj@alum.mit.edu"
| #define PACKAGE "h5utils"
| #define VERSION "1.12.1"
| #define STDC_HEADERS 1
| #define HAVE_LIBM 1
| #define HAVE_SNPRINTF 1
| #define HAVE_SYS_TYPES_H 1
| #define HAVE_SYS_STAT_H 1
| #define HAVE_STDLIB_H 1
| #define HAVE_STRING_H 1
| #define HAVE_MEMORY_H 1
| #define HAVE_STRINGS_H 1
| #define HAVE_INTTYPES_H 1
| #define HAVE_STDINT_H 1
| #define HAVE_UNISTD_H 1
| /* end confdefs.h.  */
| #include <stdio.h>
| #ifdef HAVE_SYS_TYPES_H
| # include <sys/types.h>
| #endif
| #ifdef HAVE_SYS_STAT_H
| # include <sys/stat.h>
| #endif
| #ifdef STDC_HEADERS
| # include <stdlib.h>
| # include <stddef.h>
| #else
| # ifdef HAVE_STDLIB_H
| #  include <stdlib.h>
| # endif
| #endif
| #ifdef HAVE_STRING_H
| # if !defined STDC_HEADERS && defined HAVE_MEMORY_H
| #  include <memory.h>
| # endif
| # include <string.h>
| #endif
| #ifdef HAVE_STRINGS_H
| # include <strings.h>
| #endif
| #ifdef HAVE_INTTYPES_H
| # include <inttypes.h>
| #endif
| #ifdef HAVE_STDINT_H
| # include <stdint.h>
| #endif
| #ifdef HAVE_UNISTD_H
| # include <unistd.h>
| #endif
| #include <hdf/hdf.h>
configure:5037: result: no
configure:5041: checking hdf/hdf.h presence
configure:5056: gcc -E  conftest.c
conftest.c:22:21: fatal error: hdf/hdf.h: No such file or directory
 #include <hdf/hdf.h>
                     ^
compilation terminated.
configure:5063: $? = 1
configure: failed program was:
| /* confdefs.h.  */
| #define PACKAGE_NAME "h5utils"
| #define PACKAGE_TARNAME "h5utils"
| #define PACKAGE_VERSION "1.12.1"
| #define PACKAGE_STRING "h5utils 1.12.1"
| #define PACKAGE_BUGREPORT "stevenj@alum.mit.edu"
| #define PACKAGE "h5utils"
| #define VERSION "1.12.1"
| #define STDC_HEADERS 1
| #define HAVE_LIBM 1
| #define HAVE_SNPRINTF 1
| #define HAVE_SYS_TYPES_H 1
| #define HAVE_SYS_STAT_H 1
| #define HAVE_STDLIB_H 1
| #define HAVE_STRING_H 1
| #define HAVE_MEMORY_H 1
| #define HAVE_STRINGS_H 1
| #define HAVE_INTTYPES_H 1
| #define HAVE_STDINT_H 1
| #define HAVE_UNISTD_H 1
| /* end confdefs.h.  */
| #include <hdf/hdf.h>
configure:5077: result: no
configure:5110: checking for hdf/hdf.h
configure:5119: result: no
configure:5139: checking for H5Fopen in -lhdf5
configure:5174: gcc -o conftest -g -O2   conftest.c -lhdf5  -lz -lm  >&5
configure:5181: $? = 0
configure:5202: result: yes
configure:5232: checking for mkoctfile
configure:5262: result: no
configure:5272: WARNING: can't find mkoctfile: won't be able to compile h5read.oct
configure:5404: checking for v5dCreate in -lv5d
configure:5439: gcc -o conftest -g -O2   conftest.c -lv5d  -lhdf5 -lz -lm  >&5
/usr/bin/ld: cannot find -lv5d
collect2: error: ld returned 1 exit status
configure:5446: $? = 1
configure: failed program was:
| /* confdefs.h.  */
| #define PACKAGE_NAME "h5utils"
| #define PACKAGE_TARNAME "h5utils"
| #define PACKAGE_VERSION "1.12.1"
| #define PACKAGE_STRING "h5utils 1.12.1"
| #define PACKAGE_BUGREPORT "stevenj@alum.mit.edu"
| #define PACKAGE "h5utils"
| #define VERSION "1.12.1"
| #define STDC_HEADERS 1
| #define HAVE_LIBM 1
| #define HAVE_SNPRINTF 1
| #define HAVE_SYS_TYPES_H 1
| #define HAVE_SYS_STAT_H 1
| #define HAVE_STDLIB_H 1
| #define HAVE_STRING_H 1
| #define HAVE_MEMORY_H 1
| #define HAVE_STRINGS_H 1
| #define HAVE_INTTYPES_H 1
| #define HAVE_STDINT_H 1
| #define HAVE_UNISTD_H 1
| /* end confdefs.h.  */
| 
| /* Override any GCC internal prototype to avoid an error.
|    Use char because int might match the return type of a GCC
|    builtin and then its argument prototype would still apply.  */
| #ifdef __cplusplus
| extern "C"
| #endif
| char v5dCreate ();
| int
| main ()
| {
| return v5dCreate ();
|   ;
|   return 0;
| }
configure:5467: result: no
configure:5489: checking vis5d/v5d.h usability
configure:5506: gcc -c -g -O2  conftest.c >&5
conftest.c:55:23: fatal error: vis5d/v5d.h: No such file or directory
 #include <vis5d/v5d.h>
                       ^
compilation terminated.
configure:5513: $? = 1
configure: failed program was:
| /* confdefs.h.  */
| #define PACKAGE_NAME "h5utils"
| #define PACKAGE_TARNAME "h5utils"
| #define PACKAGE_VERSION "1.12.1"
| #define PACKAGE_STRING "h5utils 1.12.1"
| #define PACKAGE_BUGREPORT "stevenj@alum.mit.edu"
| #define PACKAGE "h5utils"
| #define VERSION "1.12.1"
| #define STDC_HEADERS 1
| #define HAVE_LIBM 1
| #define HAVE_SNPRINTF 1
| #define HAVE_SYS_TYPES_H 1
| #define HAVE_SYS_STAT_H 1
| #define HAVE_STDLIB_H 1
| #define HAVE_STRING_H 1
| #define HAVE_MEMORY_H 1
| #define HAVE_STRINGS_H 1
| #define HAVE_INTTYPES_H 1
| #define HAVE_STDINT_H 1
| #define HAVE_UNISTD_H 1
| /* end confdefs.h.  */
| #include <stdio.h>
| #ifdef HAVE_SYS_TYPES_H
| # include <sys/types.h>
| #endif
| #ifdef HAVE_SYS_STAT_H
| # include <sys/stat.h>
| #endif
| #ifdef STDC_HEADERS
| # include <stdlib.h>
| # include <stddef.h>
| #else
| # ifdef HAVE_STDLIB_H
| #  include <stdlib.h>
| # endif
| #endif
| #ifdef HAVE_STRING_H
| # if !defined STDC_HEADERS && defined HAVE_MEMORY_H
| #  include <memory.h>
| # endif
| # include <string.h>
| #endif
| #ifdef HAVE_STRINGS_H
| # include <strings.h>
| #endif
| #ifdef HAVE_INTTYPES_H
| # include <inttypes.h>
| #endif
| #ifdef HAVE_STDINT_H
| # include <stdint.h>
| #endif
| #ifdef HAVE_UNISTD_H
| # include <unistd.h>
| #endif
| #include <vis5d/v5d.h>
configure:5527: result: no
configure:5531: checking vis5d/v5d.h presence
configure:5546: gcc -E  conftest.c
conftest.c:22:23: fatal error: vis5d/v5d.h: No such file or directory
 #include <vis5d/v5d.h>
                       ^
compilation terminated.
configure:5553: $? = 1
configure: failed program was:
| /* confdefs.h.  */
| #define PACKAGE_NAME "h5utils"
| #define PACKAGE_TARNAME "h5utils"
| #define PACKAGE_VERSION "1.12.1"
| #define PACKAGE_STRING "h5utils 1.12.1"
| #define PACKAGE_BUGREPORT "stevenj@alum.mit.edu"
| #define PACKAGE "h5utils"
| #define VERSION "1.12.1"
| #define STDC_HEADERS 1
| #define HAVE_LIBM 1
| #define HAVE_SNPRINTF 1
| #define HAVE_SYS_TYPES_H 1
| #define HAVE_SYS_STAT_H 1
| #define HAVE_STDLIB_H 1
| #define HAVE_STRING_H 1
| #define HAVE_MEMORY_H 1
| #define HAVE_STRINGS_H 1
| #define HAVE_INTTYPES_H 1
| #define HAVE_STDINT_H 1
| #define HAVE_UNISTD_H 1
| /* end confdefs.h.  */
| #include <vis5d/v5d.h>
configure:5567: result: no
configure:5600: checking for vis5d/v5d.h
configure:5609: result: no
configure:5634: checking vis5d+/v5d.h usability
configure:5651: gcc -c -g -O2  conftest.c >&5
conftest.c:55:24: fatal error: vis5d+/v5d.h: No such file or directory
 #include <vis5d+/v5d.h>
                        ^
compilation terminated.
configure:5658: $? = 1
configure: failed program was:
| /* confdefs.h.  */
| #define PACKAGE_NAME "h5utils"
| #define PACKAGE_TARNAME "h5utils"
| #define PACKAGE_VERSION "1.12.1"
| #define PACKAGE_STRING "h5utils 1.12.1"
| #define PACKAGE_BUGREPORT "stevenj@alum.mit.edu"
| #define PACKAGE "h5utils"
| #define VERSION "1.12.1"
| #define STDC_HEADERS 1
| #define HAVE_LIBM 1
| #define HAVE_SNPRINTF 1
| #define HAVE_SYS_TYPES_H 1
| #define HAVE_SYS_STAT_H 1
| #define HAVE_STDLIB_H 1
| #define HAVE_STRING_H 1
| #define HAVE_MEMORY_H 1
| #define HAVE_STRINGS_H 1
| #define HAVE_INTTYPES_H 1
| #define HAVE_STDINT_H 1
| #define HAVE_UNISTD_H 1
| /* end confdefs.h.  */
| #include <stdio.h>
| #ifdef HAVE_SYS_TYPES_H
| # include <sys/types.h>
| #endif
| #ifdef HAVE_SYS_STAT_H
| # include <sys/stat.h>
| #endif
| #ifdef STDC_HEADERS
| # include <stdlib.h>
| # include <stddef.h>
| #else
| # ifdef HAVE_STDLIB_H
| #  include <stdlib.h>
| # endif
| #endif
| #ifdef HAVE_STRING_H
| # if !defined STDC_HEADERS && defined HAVE_MEMORY_H
| #  include <memory.h>
| # endif
| # include <string.h>
| #endif
| #ifdef HAVE_STRINGS_H
| # include <strings.h>
| #endif
| #ifdef HAVE_INTTYPES_H
| # include <inttypes.h>
| #endif
| #ifdef HAVE_STDINT_H
| # include <stdint.h>
| #endif
| #ifdef HAVE_UNISTD_H
| # include <unistd.h>
| #endif
| #include <vis5d+/v5d.h>
configure:5672: result: no
configure:5676: checking vis5d+/v5d.h presence
configure:5691: gcc -E  conftest.c
conftest.c:22:24: fatal error: vis5d+/v5d.h: No such file or directory
 #include <vis5d+/v5d.h>
                        ^
compilation terminated.
configure:5698: $? = 1
configure: failed program was:
| /* confdefs.h.  */
| #define PACKAGE_NAME "h5utils"
| #define PACKAGE_TARNAME "h5utils"
| #define PACKAGE_VERSION "1.12.1"
| #define PACKAGE_STRING "h5utils 1.12.1"
| #define PACKAGE_BUGREPORT "stevenj@alum.mit.edu"
| #define PACKAGE "h5utils"
| #define VERSION "1.12.1"
| #define STDC_HEADERS 1
| #define HAVE_LIBM 1
| #define HAVE_SNPRINTF 1
| #define HAVE_SYS_TYPES_H 1
| #define HAVE_SYS_STAT_H 1
| #define HAVE_STDLIB_H 1
| #define HAVE_STRING_H 1
| #define HAVE_MEMORY_H 1
| #define HAVE_STRINGS_H 1
| #define HAVE_INTTYPES_H 1
| #define HAVE_STDINT_H 1
| #define HAVE_UNISTD_H 1
| /* end confdefs.h.  */
| #include <vis5d+/v5d.h>
configure:5712: result: no
configure:5745: checking for vis5d+/v5d.h
configure:5752: result: no
configure:5815: checking arpa/inet.h usability
configure:5832: gcc -c -g -O2  conftest.c >&5
configure:5839: $? = 0
configure:5853: result: yes
configure:5857: checking arpa/inet.h presence
configure:5872: gcc -E  conftest.c
configure:5879: $? = 0
configure:5893: result: yes
configure:5926: checking for arpa/inet.h
configure:5935: result: yes
configure:5815: checking netinet/in.h usability
configure:5832: gcc -c -g -O2  conftest.c >&5
configure:5839: $? = 0
configure:5853: result: yes
configure:5857: checking netinet/in.h presence
configure:5872: gcc -E  conftest.c
configure:5879: $? = 0
configure:5893: result: yes
configure:5926: checking for netinet/in.h
configure:5935: result: yes
configure:5804: checking for stdint.h
configure:5811: result: yes
configure:5804: checking for inttypes.h
configure:5811: result: yes
configure:5950: checking for uint16_t
configure:5978: gcc -c -g -O2  conftest.c >&5
configure:5985: $? = 0
configure:6012: gcc -c -g -O2  conftest.c >&5
conftest.c: In function 'main':
conftest.c:62:23: error: expected expression before ')' token
 if (sizeof ((uint16_t)))
                       ^
configure:6019: $? = 1
configure: failed program was:
| /* confdefs.h.  */
| #define PACKAGE_NAME "h5utils"
| #define PACKAGE_TARNAME "h5utils"
| #define PACKAGE_VERSION "1.12.1"
| #define PACKAGE_STRING "h5utils 1.12.1"
| #define PACKAGE_BUGREPORT "stevenj@alum.mit.edu"
| #define PACKAGE "h5utils"
| #define VERSION "1.12.1"
| #define STDC_HEADERS 1
| #define HAVE_LIBM 1
| #define HAVE_SNPRINTF 1
| #define HAVE_SYS_TYPES_H 1
| #define HAVE_SYS_STAT_H 1
| #define HAVE_STDLIB_H 1
| #define HAVE_STRING_H 1
| #define HAVE_MEMORY_H 1
| #define HAVE_STRINGS_H 1
| #define HAVE_INTTYPES_H 1
| #define HAVE_STDINT_H 1
| #define HAVE_UNISTD_H 1
| #define HAVE_ARPA_INET_H 1
| #define HAVE_NETINET_IN_H 1
| #define HAVE_STDINT_H 1
| #define HAVE_INTTYPES_H 1
| /* end confdefs.h.  */
| #include <stdio.h>
| #ifdef HAVE_SYS_TYPES_H
| # include <sys/types.h>
| #endif
| #ifdef HAVE_SYS_STAT_H
| # include <sys/stat.h>
| #endif
| #ifdef STDC_HEADERS
| # include <stdlib.h>
| # include <stddef.h>
| #else
| # ifdef HAVE_STDLIB_H
| #  include <stdlib.h>
| # endif
| #endif
| #ifdef HAVE_STRING_H
| # if !defined STDC_HEADERS && defined HAVE_MEMORY_H
| #  include <memory.h>
| # endif
| # include <string.h>
| #endif
| #ifdef HAVE_STRINGS_H
| # include <strings.h>
| #endif
| #ifdef HAVE_INTTYPES_H
| # include <inttypes.h>
| #endif
| #ifdef HAVE_STDINT_H
| # include <stdint.h>
| #endif
| #ifdef HAVE_UNISTD_H
| # include <unistd.h>
| #endif
| int
| main ()
| {
| if (sizeof ((uint16_t)))
| 	  return 0;
|   ;
|   return 0;
| }
configure:6042: result: yes
configure:6052: checking for uint32_t
configure:6080: gcc -c -g -O2  conftest.c >&5
configure:6087: $? = 0
configure:6114: gcc -c -g -O2  conftest.c >&5
conftest.c: In function 'main':
conftest.c:63:23: error: expected expression before ')' token
 if (sizeof ((uint32_t)))
                       ^
configure:6121: $? = 1
configure: failed program was:
| /* confdefs.h.  */
| #define PACKAGE_NAME "h5utils"
| #define PACKAGE_TARNAME "h5utils"
| #define PACKAGE_VERSION "1.12.1"
| #define PACKAGE_STRING "h5utils 1.12.1"
| #define PACKAGE_BUGREPORT "stevenj@alum.mit.edu"
| #define PACKAGE "h5utils"
| #define VERSION "1.12.1"
| #define STDC_HEADERS 1
| #define HAVE_LIBM 1
| #define HAVE_SNPRINTF 1
| #define HAVE_SYS_TYPES_H 1
| #define HAVE_SYS_STAT_H 1
| #define HAVE_STDLIB_H 1
| #define HAVE_STRING_H 1
| #define HAVE_MEMORY_H 1
| #define HAVE_STRINGS_H 1
| #define HAVE_INTTYPES_H 1
| #define HAVE_STDINT_H 1
| #define HAVE_UNISTD_H 1
| #define HAVE_ARPA_INET_H 1
| #define HAVE_NETINET_IN_H 1
| #define HAVE_STDINT_H 1
| #define HAVE_INTTYPES_H 1
| #define HAVE_UINT16_T 1
| /* end confdefs.h.  */
| #include <stdio.h>
| #ifdef HAVE_SYS_TYPES_H
| # include <sys/types.h>
| #endif
| #ifdef HAVE_SYS_STAT_H
| # include <sys/stat.h>
| #endif
| #ifdef STDC_HEADERS
| # include <stdlib.h>
| # include <stddef.h>
| #else
| # ifdef HAVE_STDLIB_H
| #  include <stdlib.h>
| # endif
| #endif
| #ifdef HAVE_STRING_H
| # if !defined STDC_HEADERS && defined HAVE_MEMORY_H
| #  include <memory.h>
| # endif
| # include <string.h>
| #endif
| #ifdef HAVE_STRINGS_H
| # include <strings.h>
| #endif
| #ifdef HAVE_INTTYPES_H
| # include <inttypes.h>
| #endif
| #ifdef HAVE_STDINT_H
| # include <stdint.h>
| #endif
| #ifdef HAVE_UNISTD_H
| # include <unistd.h>
| #endif
| int
| main ()
| {
| if (sizeof ((uint32_t)))
| 	  return 0;
|   ;
|   return 0;
| }
configure:6144: result: yes
configure:6156: checking for htons
configure:6183: gcc -o conftest -g -O2   conftest.c -lhdf5 -lz -lm  >&5
configure:6190: $? = 0
configure:6214: result: yes
configure:6221: checking size of float
configure:6526: gcc -o conftest -g -O2   conftest.c -lhdf5 -lz -lm  >&5
configure:6530: $? = 0
configure:6536: ./conftest
configure:6540: $? = 0
configure:6566: result: 4
configure:6577: checking for htonl
configure:6604: gcc -o conftest -g -O2   conftest.c -lhdf5 -lz -lm  >&5
configure:6611: $? = 0
configure:6635: result: yes
configure:7204: creating ./config.status

## ---------------------- ##
## Running config.status. ##
## ---------------------- ##

This file was extended by h5utils config.status 1.12.1, which was
generated by GNU Autoconf 2.63.  Invocation command line was

  CONFIG_FILES    = 
  CONFIG_HEADERS  = 
  CONFIG_LINKS    = 
  CONFIG_COMMANDS = 
  $ ./config.status 

on briaree2

config.status:802: creating Makefile
config.status:802: creating h5topng.1
config.status:802: creating config.h
config.status:1076: executing depfiles commands

## ---------------- ##
## Cache variables. ##
## ---------------- ##

ac_cv_c_compiler_gnu=yes
ac_cv_env_CC_set=
ac_cv_env_CC_value=
ac_cv_env_CFLAGS_set=
ac_cv_env_CFLAGS_value=
ac_cv_env_CPPFLAGS_set=
ac_cv_env_CPPFLAGS_value=
ac_cv_env_CPP_set=
ac_cv_env_CPP_value=
ac_cv_env_LDFLAGS_set=
ac_cv_env_LDFLAGS_value=
ac_cv_env_LIBS_set=
ac_cv_env_LIBS_value=
ac_cv_env_build_alias_set=
ac_cv_env_build_alias_value=
ac_cv_env_host_alias_set=
ac_cv_env_host_alias_value=
ac_cv_env_target_alias_set=
ac_cv_env_target_alias_value=
ac_cv_func_snprintf=yes
ac_cv_header_arpa_inet_h=yes
ac_cv_header_hdf_h=no
ac_cv_header_hdf_hdf_h=no
ac_cv_header_inttypes_h=yes
ac_cv_header_memory_h=yes
ac_cv_header_netinet_in_h=yes
ac_cv_header_stdc=yes
ac_cv_header_stdint_h=yes
ac_cv_header_stdlib_h=yes
ac_cv_header_string_h=yes
ac_cv_header_strings_h=yes
ac_cv_header_sys_stat_h=yes
ac_cv_header_sys_types_h=yes
ac_cv_header_unistd_h=yes
ac_cv_header_vis5d_v5d_h=no
ac_cv_header_vis5dp_v5d_h=no
ac_cv_lib_df_DFSDgetdata=no
ac_cv_lib_hdf5_H5Fopen=yes
ac_cv_lib_jpeg_jpeg_start_compress=yes
ac_cv_lib_m_sin=yes
ac_cv_lib_matheval_evaluator_get_variables=no
ac_cv_lib_png_png_create_write_struct=yes
ac_cv_lib_v5d_v5dCreate=no
ac_cv_lib_z_inflate=yes
ac_cv_objext=o
ac_cv_path_EGREP='/bin/grep -E'
ac_cv_path_GREP=/bin/grep
ac_cv_path_install='/usr/bin/install -c'
ac_cv_path_mkdir=/bin/mkdir
ac_cv_prog_AWK=gawk
ac_cv_prog_CPP='gcc -E'
ac_cv_prog_ac_ct_CC=gcc
ac_cv_prog_cc_c89=
ac_cv_prog_cc_g=yes
ac_cv_prog_cc_gcc_c_o=yes
ac_cv_prog_make_make_set=yes
ac_cv_sizeof_float=4
ac_cv_type_uint16_t=yes
ac_cv_type_uint32_t=yes
am_cv_CC_dependencies_compiler_type=gcc3

## ----------------- ##
## Output variables. ##
## ----------------- ##

ACLOCAL='${SHELL} /RQexec/tvincent/BNS_Disks_project/Scripts/h5utils-1.12.1/missing --run aclocal-1.11'
AMDEPBACKSLASH='\'
AMDEP_FALSE='#'
AMDEP_TRUE=''
AMTAR='${SHELL} /RQexec/tvincent/BNS_Disks_project/Scripts/h5utils-1.12.1/missing --run tar'
AUTOCONF='${SHELL} /RQexec/tvincent/BNS_Disks_project/Scripts/h5utils-1.12.1/missing --run autoconf'
AUTOHEADER='${SHELL} /RQexec/tvincent/BNS_Disks_project/Scripts/h5utils-1.12.1/missing --run autoheader'
AUTOMAKE='${SHELL} /RQexec/tvincent/BNS_Disks_project/Scripts/h5utils-1.12.1/missing --run automake-1.11'
AWK='gawk'
CC='gcc'
CCDEPMODE='depmode=gcc3'
CFLAGS='-g -O2'
CPP='gcc -E'
CPPFLAGS=''
CYGPATH_W='echo'
DEFS='-DHAVE_CONFIG_H'
DEPDIR='.deps'
ECHO_C=''
ECHO_N='-n'
ECHO_T=''
EGREP='/bin/grep -E'
EXEEXT=''
GREP='/bin/grep'
H4TOH5=''
H4_LIBS=''
H5READ=''
H5TOH4=''
H5TOPNG_MAN='h5topng.1'
INSTALL_DATA='${INSTALL} -m 644'
INSTALL_PROGRAM='${INSTALL}'
INSTALL_SCRIPT='${INSTALL}'
INSTALL_STRIP_PROGRAM='$(install_sh) -c -s'
LDFLAGS=''
LIBOBJS=''
LIBS='-lhdf5 -lz -lm '
LTLIBOBJS=''
MAINT='#'
MAINTAINER_MODE_FALSE=''
MAINTAINER_MODE_TRUE='#'
MAKEINFO='${SHELL} /RQexec/tvincent/BNS_Disks_project/Scripts/h5utils-1.12.1/missing --run makeinfo'
MKDIR_P='/bin/mkdir -p'
MKOCTFILE='echo'
MORE_H5UTILS='h5topng$(EXEEXT) '
MORE_H5UTILS_MANS=''
OBJEXT='o'
OCTAVE=''
OCTAVE_CONFIG=''
OCT_INSTALL_DIR=''
PACKAGE='h5utils'
PACKAGE_BUGREPORT='stevenj@alum.mit.edu'
PACKAGE_NAME='h5utils'
PACKAGE_STRING='h5utils 1.12.1'
PACKAGE_TARNAME='h5utils'
PACKAGE_VERSION='1.12.1'
PATH_SEPARATOR=':'
PNG_LIBS='-lpng'
SET_MAKE=''
SHELL='/bin/sh'
STRIP=''
V5D_FILES=''
V5D_INCLUDES=''
VERSION='1.12.1'
ac_ct_CC='gcc'
am__EXEEXT_FALSE=''
am__EXEEXT_TRUE='#'
am__fastdepCC_FALSE='#'
am__fastdepCC_TRUE=''
am__include='include'
am__isrc=''
am__leading_dot='.'
am__quote=''
am__tar='${AMTAR} chof - "$$tardir"'
am__untar='${AMTAR} xf -'
bindir='${exec_prefix}/bin'
build_alias=''
datadir='${datarootdir}'
datadir_val='/usr/local/share'
datarootdir='${prefix}/share'
docdir='${datarootdir}/doc/${PACKAGE_TARNAME}'
dvidir='${docdir}'
exec_prefix='${prefix}'
host_alias=''
htmldir='${docdir}'
includedir='${prefix}/include'
infodir='${datarootdir}/info'
install_sh='${SHELL} /RQexec/tvincent/BNS_Disks_project/Scripts/h5utils-1.12.1/install-sh'
libdir='${exec_prefix}/lib'
libexecdir='${exec_prefix}/libexec'
localedir='${datarootdir}/locale'
localstatedir='${prefix}/var'
mandir='${datarootdir}/man'
mkdir_p='/bin/mkdir -p'
oldincludedir='/usr/include'
pdfdir='${docdir}'
prefix='/usr/local'
program_transform_name='s,x,x,'
psdir='${docdir}'
sbindir='${exec_prefix}/sbin'
sharedstatedir='${prefix}/com'
sysconfdir='${prefix}/etc'
target_alias=''

## ----------- ##
## confdefs.h. ##
## ----------- ##

#define PACKAGE_NAME "h5utils"
#define PACKAGE_TARNAME "h5utils"
#define PACKAGE_VERSION "1.12.1"
#define PACKAGE_STRING "h5utils 1.12.1"
#define PACKAGE_BUGREPORT "stevenj@alum.mit.edu"
#define PACKAGE "h5utils"
#define VERSION "1.12.1"
#define STDC_HEADERS 1
#define HAVE_LIBM 1
#define HAVE_SNPRINTF 1
#define HAVE_SYS_TYPES_H 1
#define HAVE_SYS_STAT_H 1
#define HAVE_STDLIB_H 1
#define HAVE_STRING_H 1
#define HAVE_MEMORY_H 1
#define HAVE_STRINGS_H 1
#define HAVE_INTTYPES_H 1
#define HAVE_STDINT_H 1
#define HAVE_UNISTD_H 1
#define HAVE_ARPA_INET_H 1
#define HAVE_NETINET_IN_H 1
#define HAVE_STDINT_H 1
#define HAVE_INTTYPES_H 1
#define HAVE_UINT16_T 1
#define HAVE_UINT32_T 1
#define HAVE_HTONS 1
#define SIZEOF_FLOAT 4
#define HAVE_HTONL 1
#define DATADIR "/usr/local/share"

configure: exit 0
